<?xml version="1.0" encoding="UTF-8"?>
<!-- Generated by org.testng.reporters.JUnitReportReporter -->
<testsuite skipped="0" hostname="DESKTOP-01THEB1" name="com.craftsvilla.testcripts.EmbroidedSareesScripts" tests="1" failures="0" timestamp="06 Jul 2019 04:56:30 GMT" time="72.913" errors="0">
  <testcase name="tc_01_buyProductFromEmbroidedSarees" time="72.913" classname="com.craftsvilla.testcripts.EmbroidedSareesScripts"/>
</testsuite> <!-- com.craftsvilla.testcripts.EmbroidedSareesScripts -->
