<?xml version="1.0" encoding="UTF-8"?>
<!-- Generated by org.testng.reporters.JUnitReportReporter -->
<testsuite skipped="0" hostname="DESKTOP-01THEB1" name="com.craftsvilla.testcripts.LinenSareesScripts" tests="1" failures="0" timestamp="06 Jul 2019 16:48:11 GMT" time="136.558" errors="0">
  <testcase name="tc_01_buyProductFromLinenSarees" time="136.558" classname="com.craftsvilla.testcripts.LinenSareesScripts"/>
</testsuite> <!-- com.craftsvilla.testcripts.LinenSareesScripts -->
