<?xml version="1.0" encoding="UTF-8"?>
<!-- Generated by org.testng.reporters.JUnitReportReporter -->
<testsuite skipped="0" hostname="DESKTOP-01THEB1" name="com.craftsvilla.testcripts.LogInScripts" tests="1" failures="0" timestamp="06 Jul 2019 16:48:11 GMT" time="235.806" errors="0">
  <testcase name="tc_01_loginToApp" time="235.806" classname="com.craftsvilla.testcripts.LogInScripts"/>
</testsuite> <!-- com.craftsvilla.testcripts.LogInScripts -->
